<?xml version="1.0" encoding="UTF-8"?>
<!-- Generated by org.testng.reporters.JUnitXMLReporter -->
<testsuite hostname="PR020921" ignored="0" name="Default test" tests="2" failures="0" timestamp="08 Mar 2018 13:35:24 GMT" time="3.322" errors="0">
  <testcase name="verifyRecords_Details" time="3.174" classname="repository_API.Discovery_API_Repository_details_Id"/>
  <testcase name="verifyRecords_Details" time="0.079" classname="repository_API.Discovery_API_Repository_Collection"/>
</testsuite> <!-- Default test -->
