<?xml version="1.0" encoding="UTF-8"?>
<testng-results skipped="0" failed="0" ignored="0" total="0" passed="0">
  <reporter-output>
  </reporter-output>
  <suite name="Discovery" duration-ms="86" started-at="2019-09-27T07:46:16Z" finished-at="2019-09-27T07:46:16Z">
    <groups>
    </groups>
    <test name="DeliveryOption" duration-ms="4" started-at="2019-09-27T07:46:16Z" finished-at="2019-09-27T07:46:16Z">
    </test> <!-- DeliveryOption -->
    <test name="Sar" duration-ms="0" started-at="2019-09-27T07:46:16Z" finished-at="2019-09-27T07:46:16Z">
    </test> <!-- Sar -->
    <test name="Ecommerce" duration-ms="1" started-at="2019-09-27T07:46:16Z" finished-at="2019-09-27T07:46:16Z">
    </test> <!-- Ecommerce -->
    <test name="Subscription" duration-ms="0" started-at="2019-09-27T07:46:16Z" finished-at="2019-09-27T07:46:16Z">
    </test> <!-- Subscription -->
    <test name="AdvancedSearchOnTest" duration-ms="0" started-at="2019-09-27T07:46:16Z" finished-at="2019-09-27T07:46:16Z">
    </test> <!-- AdvancedSearchOnTest -->
    <test name="BasicSearchOnTest" duration-ms="0" started-at="2019-09-27T07:46:16Z" finished-at="2019-09-27T07:46:16Z">
    </test> <!-- BasicSearchOnTest -->
    <test name="FindAnAichiveOnTest" duration-ms="1" started-at="2019-09-27T07:46:16Z" finished-at="2019-09-27T07:46:16Z">
    </test> <!-- FindAnAichiveOnTest -->
    <test name="ManorSearchOnTest" duration-ms="0" started-at="2019-09-27T07:46:16Z" finished-at="2019-09-27T07:46:16Z">
    </test> <!-- ManorSearchOnTest -->
    <test name="DetailPageOnTest" duration-ms="0" started-at="2019-09-27T07:46:16Z" finished-at="2019-09-27T07:46:16Z">
    </test> <!-- DetailPageOnTest -->
    <test name="BrowseOnTest" duration-ms="0" started-at="2019-09-27T07:46:16Z" finished-at="2019-09-27T07:46:16Z">
    </test> <!-- BrowseOnTest -->
    <test name="TagOnTest" duration-ms="0" started-at="2019-09-27T07:46:16Z" finished-at="2019-09-27T07:46:16Z">
    </test> <!-- TagOnTest -->
    <test name="BookmarkOnTest" duration-ms="0" started-at="2019-09-27T07:46:16Z" finished-at="2019-09-27T07:46:16Z">
    </test> <!-- BookmarkOnTest -->
    <test name="SingleSignOnTest" duration-ms="0" started-at="2019-09-27T07:46:16Z" finished-at="2019-09-27T07:46:16Z">
    </test> <!-- SingleSignOnTest -->
    <test name="DownlaodRecordOnTest" duration-ms="0" started-at="2019-09-27T07:46:16Z" finished-at="2019-09-27T07:46:16Z">
    </test> <!-- DownlaodRecordOnTest -->
    <test name="cabinetPapersSearch" duration-ms="0" started-at="2019-09-27T07:46:16Z" finished-at="2019-09-27T07:46:16Z">
    </test> <!-- cabinetPapersSearch -->
  </suite> <!-- Discovery -->
</testng-results>
