<?xml version="1.0" encoding="UTF-8"?>
<!-- Generated by org.testng.reporters.JUnitXMLReporter -->
<testsuite hostname="EC2AMAZ-UMIME9S" ignored="0" name="AdvancedSearchOnTest" tests="14" failures="1" timestamp="29 Jul 2019 15:26:04 GMT" time="354.698" errors="0">
  <testcase name="close_SpecificDate" time="46.875" classname="AdvancedSearchOnTest.AS_ClosureStatus_close_SpecificDate"/>
  <testcase name="Open_SpecificDate" time="36.03" classname="AdvancedSearchOnTest.AS_ClosureStatus_Open_SpecificDate"/>
  <testcase name="PartiallyOpen_AnyTime" time="23.89" classname="AdvancedSearchOnTest.AS_ClosureStatus_PartiallyOpen_AnyTime">
    <failure type="java.lang.AssertionError" message="expected [Records 0] but found [Records 2]">
      <![CDATA[java.lang.AssertionError: expected [Records 0] but found [Records 2]
at AdvancedSearchOnTest.AS_ClosureStatus_PartiallyOpen_AnyTime.PartiallyOpen_AnyTime(AS_ClosureStatus_PartiallyOpen_AnyTime.java:57)
... Removed 31 stack frames]]>
    </failure>
  </testcase> <!-- PartiallyOpen_AnyTime -->
  <testcase name="Retained_AnyTime" time="31.392" classname="AdvancedSearchOnTest.AS_ClosureStatus_Retained_AnyTime"/>
  <testcase name="CreatorType_CheckBox_Years" time="28.015" classname="AdvancedSearchOnTest.AS_RecordCreator_CreatorType_CheckBox_Years"/>
  <testcase name="CreatorType_DateRange" time="22.672" classname="AdvancedSearchOnTest.AS_RecordCreator_CreatorType_DateRange"/>
  <testcase name="DateRange_SearchAll" time="16.937" classname="AdvancedSearchOnTest.AS_Records_DateRange_SearchAll"/>
  <testcase name="SpecificDate_SearchAll" time="34.828" classname="AdvancedSearchOnTest.AS_Records_SpecificDate_SearchAll"/>
  <testcase name="Reference_SearchAll" time="8.093" classname="AdvancedSearchOnTest.AS_Reference_SearchAll"/>
  <testcase name="Find_DontFindWord" time="11.641" classname="AdvancedSearchOnTest.AS_Search_Find_DontFindWord"/>
  <testcase name="SearchOtherArchives" time="18.562" classname="AdvancedSearchOnTest.AS_SearchOtherArchives"/>
  <testcase name="SearchTheTNA_Reference_IncludeContent" time="25.874" classname="AdvancedSearchOnTest.AS_Records_SearchTheTNA_Reference_IncludeContent"/>
  <testcase name="SearchTheNA_CatalogueLevel" time="28.047" classname="AdvancedSearchOnTest.AS_Records_SearchTheNA_CatalogueLevel"/>
  <testcase name="verifyLookUp" time="21.828" classname="AdvancedSearchOnTest.AS_AutoLookUp_ByGovernmentDepartment"/>
</testsuite> <!-- AdvancedSearchOnTest -->
