<?xml version="1.0" encoding="UTF-8"?>
<!-- Generated by org.testng.reporters.JUnitXMLReporter -->
<testsuite hostname="PR020921" ignored="0" name="BrowseOnTest" tests="4" failures="0" timestamp="08 Mar 2018 13:11:51 GMT" time="50.927" errors="0">
  <testcase name="Browse_Archives" time="9.604" classname="discovery.BrowseOnTest.Browse_Archives"/>
  <testcase name="recordCreators" time="18.981" classname="discovery.BrowseOnTest.Record_Creators"/>
  <testcase name="otherArchives" time="9.458" classname="discovery.BrowseOnTest.Records_Of_OtherArchives"/>
  <testcase name="browseRecords" time="12.88" classname="discovery.BrowseOnTest.Records_Of_TNA"/>
</testsuite> <!-- BrowseOnTest -->
