<?xml version="1.0" encoding="UTF-8"?>
<!-- Generated by org.testng.reporters.JUnitXMLReporter -->
<testsuite hostname="EC2AMAZ-UMIME9S" ignored="0" name="BrowseOnTest" tests="4" failures="0" timestamp="29 Jul 2019 15:40:53 GMT" time="53.867" errors="0">
  <testcase name="Browse_Archives" time="12.915" classname="BrowseOnTest.Browse_Archives"/>
  <testcase name="recordCreators" time="22.276" classname="BrowseOnTest.Record_Creators"/>
  <testcase name="otherArchives" time="8.096" classname="BrowseOnTest.Records_Of_OtherArchives"/>
  <testcase name="browseRecords" time="10.574" classname="BrowseOnTest.Records_Of_TNA"/>
</testsuite> <!-- BrowseOnTest -->
