<?xml version="1.0" encoding="UTF-8"?>
<!-- Generated by org.testng.reporters.JUnitXMLReporter -->
<testsuite hostname="EC2AMAZ-UMIME9S" ignored="0" name="cabinetPapersSearch" tests="5" failures="0" timestamp="29 Jul 2019 15:48:03 GMT" time="54.326" errors="0">
  <testcase name="cabinetSearch" time="11.294" classname="cabinetPapersSearch.CabinetPapers_Date_descriptionOnly"/>
  <testcase name="cabinetSearch" time="7.021" classname="cabinetPapersSearch.CabinetPapers_Document_descriptionOnly"/>
  <testcase name="cabinetSearch" time="21.827" classname="cabinetPapersSearch.CabinetPapers_Educationresources"/>
  <testcase name="cabinetSearch" time="6.825" classname="cabinetPapersSearch.CabinetPapers_EntireDocument"/>
  <testcase name="cabinetSearch" time="7.345" classname="cabinetPapersSearch.CabinetPapers_FilterbyAll_EntireDocument"/>
</testsuite> <!-- cabinetPapersSearch -->
