<?xml version="1.0" encoding="UTF-8"?>
<!-- Generated by org.testng.reporters.JUnitXMLReporter -->
<testsuite hostname="PR020921" ignored="0" name="DeliveryOption" tests="32" failures="0" timestamp="08 Mar 2018 13:44:39 GMT" time="382.123" errors="0">
  <testcase name="academicSubscription" time="15.657" classname="dicovery.DeliveryOption.AcademicSubscription"/>
  <testcase name="accessUnderReview" time="10.016" classname="dicovery.DeliveryOption.AccessUnderReview"/>
  <testcase name="AV_Media" time="11.501" classname="dicovery.DeliveryOption.AV_Media"/>
  <testcase name="closedFoiReview" time="11.157" classname="dicovery.DeliveryOption.ClosedFOIReview"/>
  <testcase name="closedRetainedDeptKnown" time="10.673" classname="dicovery.DeliveryOption.ClosedRetainedDeptKnown"/>
  <testcase name="closedRetainedDeptUnKnown" time="10.916" classname="dicovery.DeliveryOption.ClosedRetainedDeptUnKnown"/>
  <testcase name="collectionCare" time="14.384" classname="dicovery.DeliveryOption.Collectioncare"/>
  <testcase name="digitizedAvailableButNotDownlodableAtItemLevel" time="9.875" classname="dicovery.DeliveryOption.DigitizedAvailableButNotDownloadableAtItemLevel"/>
  <testcase name="digitizedAvailableButNotDownlodableAtPieceLevel" time="10.313" classname="dicovery.DeliveryOption.DigitizedAvailableButNotDownloadableAtPieceLevel"/>
  <testcase name="digitizedDiscovery" time="17.001" classname="dicovery.DeliveryOption.DigitizedDiscovery"/>
  <testcase name="digitizedDiscoveryForSurrogate" time="19.596" classname="dicovery.DeliveryOption.DigitizedDiscoveryForSurrogate"/>
  <testcase name="digitizedLia" time="10.192" classname="dicovery.DeliveryOption.DigitizedLia"/>
  <testcase name="digitizedOther" time="10.152" classname="dicovery.DeliveryOption.DigitizedOther"/>
  <testcase name="digitizedPartiallyOpened" time="7.361" classname="dicovery.DeliveryOption.DigitizedPartiallyOpened"/>
  <testcase name="displayAtMuseum" time="13.798" classname="dicovery.DeliveryOption.DisplayAtMuseum"/>
  <testcase name="fileAuthority" time="9.641" classname="dicovery.DeliveryOption.FileAuthority"/>
  <testcase name="govtWebArchive" time="11.128" classname="dicovery.DeliveryOption.GovtWebArchive"/>
  <testcase name="inUse" time="16.327" classname="dicovery.DeliveryOption.InUse"/>
  <testcase name="invigilationSafeRoom" time="14.144" classname="dicovery.DeliveryOption.InvigilationSafeRoom"/>
  <testcase name="localArchive" time="10.016" classname="dicovery.DeliveryOption.LocalArchive"/>
  <testcase name="missingLost" time="9.718" classname="dicovery.DeliveryOption.MissingLost"/>
  <testcase name="mouldTreatment" time="14.939" classname="dicovery.DeliveryOption.MouldTreatment"/>
  <testcase name="offsite" time="10.735" classname="dicovery.DeliveryOption.Offsite"/>
  <testcase name="onloan" time="10.673" classname="dicovery.DeliveryOption.Onloan"/>
  <testcase name="OrderOriginal" time="10.751" classname="dicovery.DeliveryOption.OrderOriginal"/>
  <testcase name="paidSearch" time="10.188" classname="dicovery.DeliveryOption.PaidSearch"/>
  <testcase name="surrogate" time="13.721" classname="dicovery.DeliveryOption.Surrogate"/>
  <testcase name="tooLargeToCopyOriginal" time="10.656" classname="dicovery.DeliveryOption.TooLargeToCopyOriginal"/>
  <testcase name="tooLargeToCopySurrogate" time="12.204" classname="dicovery.DeliveryOption.TooLargeToCopySurrogate"/>
  <testcase name="unAvailable" time="8.577" classname="dicovery.DeliveryOption.UnAvailable"/>
  <testcase name="unfit" time="14.566" classname="dicovery.DeliveryOption.Unfit"/>
  <testcase name="paidSearch" time="11.501" classname="dicovery.DeliveryOption.WO416"/>
</testsuite> <!-- DeliveryOption -->
