<?xml version="1.0" encoding="UTF-8"?>
<!-- Generated by org.testng.reporters.JUnitXMLReporter -->
<testsuite hostname="PR020921" ignored="0" name="DetailPageOnTest" tests="6" failures="0" timestamp="08 Mar 2018 13:11:00 GMT" time="95.236" errors="0">
  <testcase name="detailPgae" time="47.95" classname="discovery.DetailPageOnTest.Verify_DetailPage_OnAllLevels"/>
  <testcase name="series_Serach" time="7.455" classname="discovery.DetailPageOnTest.Verify_DetailPage_OnSeriesLevel"/>
  <testcase name="DetailPage_ErrorOnRecordDescription" time="17.031" classname="discovery.DetailPageOnTest.DetailPage_ErrorOnRecordDescription"/>
  <testcase name="DetailPage_CouldThisPageBeImproved_NO" time="8.093" classname="discovery.DetailPageOnTest.DetailPage_CouldThisPageBeImproved_NO"/>
  <testcase name="DetailPage_CouldThisPageBeImproved_Yes" time="7.912" classname="discovery.DetailPageOnTest.DetailPage_CouldThisPageBeImproved_Yes"/>
  <testcase name="DetailPage_ShowImages" time="6.786" classname="discovery.DetailPageOnTest.DetailPage_ShowImages"/>
</testsuite> <!-- DetailPageOnTest -->
