<?xml version="1.0" encoding="UTF-8"?>
<!-- Generated by org.testng.reporters.JUnitXMLReporter -->
<testsuite hostname="EC2AMAZ-UMIME9S" ignored="0" name="discovery" tests="5" failures="0" timestamp="22 Oct 2018 13:47:36 GMT" time="399.614" errors="0">
  <testcase name="Dsa1939registerClickNo" time="69.701" classname="Ecommerce.Dsa1939registerClickNo"/>
  <testcase name="Dsa1939registerClickYes" time="39.217" classname="Ecommerce.Dsa1939registerClickYes"/>
  <testcase name="Foi1939register" time="94.591" classname="Ecommerce.Foi1939register"/>
  <testcase name="HomeGuard" time="90.529" classname="Ecommerce.HomeGuard"/>
  <testcase name="WO416" time="105.513" classname="Ecommerce.WO416"/>
</testsuite> <!-- discovery -->
