<?xml version="1.0" encoding="UTF-8"?>
<!-- Generated by org.testng.reporters.JUnitXMLReporter -->
<testsuite hostname="EC2AMAZ-UMIME9S" ignored="0" name="DownlaodRecordOnTest" tests="3" failures="0" timestamp="29 Jul 2019 15:47:06 GMT" time="77.87" errors="0">
  <testcase name="verify_Download_ForOffsite" time="30.762" classname="DownlaodRecordOnTest.Veriy_DownloadOption_ForOffsite"/>
  <testcase name="verify_Download_InAccount" time="36.003" classname="DownlaodRecordOnTest.Veriy_DownloadOption_InAccount"/>
  <testcase name="verify_Download_OnConfirmationPage" time="11.101" classname="DownlaodRecordOnTest.Veriy_DownloadOption_OnConfirmationPage"/>
</testsuite> <!-- DownlaodRecordOnTest -->
