<?xml version="1.0" encoding="UTF-8"?>
<!-- Generated by org.testng.reporters.JUnitXMLReporter -->
<testsuite hostname="PR020921" ignored="0" name="Ecommerce" tests="9" failures="0" timestamp="08 Mar 2018 13:59:25 GMT" time="806.113" errors="0">
  <testcase name="CertifiedNaturalisationRequest" time="81.586" classname="discovery.Ecommerce.CertifiedNaturalisationRequest"/>
  <testcase name="DigitizedAddToBasket" time="83.3" classname="discovery.Ecommerce.DigitizedAddToBasket"/>
  <testcase name="Dsa1939registerClickNo" time="118.918" classname="discovery.Ecommerce.Dsa1939registerClickNo"/>
  <testcase name="Dsa1939registerClickYes" time="102.84" classname="discovery.Ecommerce.Dsa1939registerClickYes"/>
  <testcase name="Foi1939register" time="94.643" classname="discovery.Ecommerce.Foi1939register"/>
  <testcase name="PageCheckRequestACopy" time="102.134" classname="discovery.Ecommerce.PageCheckRequestACopy"/>
  <testcase name="HomeGuard" time="96.104" classname="discovery.Ecommerce.HomeGuard"/>
  <testcase name="WO416" time="98.029" classname="discovery.Ecommerce.WO416"/>
  <testcase name="PageCheckRequestACopy" time="28.559" classname="discovery.Ecommerce.PageCheckRequestMore1000Characters"/>
</testsuite> <!-- Ecommerce -->
