<?xml version="1.0" encoding="UTF-8"?>
<!-- Generated by org.testng.reporters.JUnitXMLReporter -->
<testsuite hostname="EC2AMAZ-UMIME9S" ignored="0" name="Ecommerce" tests="9" failures="0" timestamp="29 Jul 2019 15:19:34 GMT" time="489.93" errors="0">
  <testcase name="CertifiedNaturalisationRequest" time="77.014" classname="Ecommerce.CertifiedNaturalisationRequest"/>
  <testcase name="DigitizedAddToBasket" time="37.281" classname="Ecommerce.DigitizedAddToBasket"/>
  <testcase name="Dsa1939registerClickNo" time="75.405" classname="Ecommerce.Dsa1939registerClickNo"/>
  <testcase name="Dsa1939registerClickYes" time="44.703" classname="Ecommerce.Dsa1939registerClickYes"/>
  <testcase name="Foi1939register" time="69.717" classname="Ecommerce.Foi1939register"/>
  <testcase name="PageCheckRequestACopy" time="57.559" classname="Ecommerce.PageCheckRequestACopy"/>
  <testcase name="HomeGuard" time="46.954" classname="Ecommerce.HomeGuard"/>
  <testcase name="WO416" time="50.284" classname="Ecommerce.WO416"/>
  <testcase name="PageCheckRequestACopy" time="31.011" classname="Ecommerce.PageCheckRequestMore1000Characters"/>
</testsuite> <!-- Ecommerce -->
