<?xml version="1.0" encoding="UTF-8"?>
<!-- Generated by org.testng.reporters.JUnitXMLReporter -->
<testsuite hostname="PR020921" ignored="0" name="FindAnAichiveOnTest" tests="14" failures="0" timestamp="08 Mar 2018 13:07:41 GMT" time="307.11" errors="0">
  <testcase name="BrowseCountryname" time="9.739" classname="discovery.FindAnAichiveOnTest.FA_BrowseByCountryName"/>
  <testcase name="BrowseCountryname2" time="10.279" classname="discovery.FindAnAichiveOnTest.FA_BrowseByCountryName"/>
  <testcase name="region" time="7.144" classname="discovery.FindAnAichiveOnTest.FA_ChooseRegion"/>
  <testcase name="region2" time="7.296" classname="discovery.FindAnAichiveOnTest.FA_ChooseRegion"/>
  <testcase name="region3" time="7.077" classname="discovery.FindAnAichiveOnTest.FA_ChooseRegion"/>
  <testcase name="FourthHomeNation" time="6.197" classname="discovery.FindAnAichiveOnTest.FA_HomeNation"/>
  <testcase name="ThirdHomeNation" time="6.222" classname="discovery.FindAnAichiveOnTest.FA_HomeNation"/>
  <testcase name="firstHomeNation" time="6.199" classname="discovery.FindAnAichiveOnTest.FA_HomeNation"/>
  <testcase name="secondHomeNation" time="6.188" classname="discovery.FindAnAichiveOnTest.FA_HomeNation"/>
  <testcase name="BrowseCountryname2" time="6.462" classname="discovery.FindAnAichiveOnTest.FA_UsingMap"/>
  <testcase name="usingmap" time="6.616" classname="discovery.FindAnAichiveOnTest.FA_UsingMap"/>
  <testcase name="Export1000RecordsAsXML" time="36.68" classname="discovery.FindAnAichiveOnTest.FA_Export1000RecordsAsXML"/>
  <testcase name="ExportAllRecordsAsCSV" time="35.978" classname="discovery.FindAnAichiveOnTest.FA_ExportAllRecordsAsCSV"/>
  <testcase name="ExportFirst1000RecordCreatorAsHTML" time="36.672" classname="discovery.FindAnAichiveOnTest.FA_ExportFirst1000RecordCreatorAsHTML"/>
</testsuite> <!-- FindAnAichiveOnTest -->
