<?xml version="1.0" encoding="UTF-8"?>
<!-- Generated by org.testng.reporters.JUnitXMLReporter -->
<testsuite hostname="EC2AMAZ-UMIME9S" ignored="0" name="FindAnAichiveOnTest" tests="14" failures="0" timestamp="29 Jul 2019 15:36:53 GMT" time="246.526" errors="0">
  <testcase name="BrowseCountryname" time="9.894" classname="FindAnAichiveOnTest.FA_BrowseByCountryName"/>
  <testcase name="BrowseCountryname2" time="9.687" classname="FindAnAichiveOnTest.FA_BrowseByCountryName"/>
  <testcase name="region" time="6.788" classname="FindAnAichiveOnTest.FA_ChooseRegion"/>
  <testcase name="region2" time="6.755" classname="FindAnAichiveOnTest.FA_ChooseRegion"/>
  <testcase name="region3" time="6.692" classname="FindAnAichiveOnTest.FA_ChooseRegion"/>
  <testcase name="FourthHomeNation" time="6.542" classname="FindAnAichiveOnTest.FA_HomeNation"/>
  <testcase name="ThirdHomeNation" time="6.601" classname="FindAnAichiveOnTest.FA_HomeNation"/>
  <testcase name="firstHomeNation" time="7.061" classname="FindAnAichiveOnTest.FA_HomeNation"/>
  <testcase name="secondHomeNation" time="6.687" classname="FindAnAichiveOnTest.FA_HomeNation"/>
  <testcase name="BrowseCountryname2" time="6.554" classname="FindAnAichiveOnTest.FA_UsingMap"/>
  <testcase name="usingmap" time="6.488" classname="FindAnAichiveOnTest.FA_UsingMap"/>
  <testcase name="Export1000RecordsAsXML" time="34.153" classname="FindAnAichiveOnTest.FA_Export1000RecordsAsXML"/>
  <testcase name="ExportAllRecordsAsCSV" time="29.104" classname="FindAnAichiveOnTest.FA_ExportAllRecordsAsCSV"/>
  <testcase name="ExportFirst1000RecordCreatorAsHTML" time="30.17" classname="FindAnAichiveOnTest.FA_ExportFirst1000RecordCreatorAsHTML"/>
</testsuite> <!-- FindAnAichiveOnTest -->
