<?xml version="1.0" encoding="UTF-8"?>
<!-- Generated by org.testng.reporters.JUnitXMLReporter -->
<testsuite hostname="EC2AMAZ-UMIME9S" ignored="0" name="ManorSearchOnTest" tests="2" failures="0" timestamp="29 Jul 2019 15:37:36 GMT" time="43.148" errors="0">
  <testcase name="ByManor_VerifyRecordsCreator" time="15.138" classname="ManorSearchOnTest.MS_ByManor_VerifyRecordsCreator"/>
  <testcase name="ForManorDocuments_VerifyRecords" time="28.007" classname="ManorSearchOnTest.MS_ForManorDocuments_VerifyRecords"/>
</testsuite> <!-- ManorSearchOnTest -->
