<?xml version="1.0" encoding="UTF-8"?>
<!-- Generated by org.testng.reporters.JUnitXMLReporter -->
<testsuite hostname="EC2AMAZ-UMIME9S" ignored="0" name="Sar" tests="8" failures="0" timestamp="29 Jul 2019 15:11:24 GMT" time="69.193" errors="0">
  <testcase name="AB7190VisitTheDepartmentWebsite" time="7.897" classname="Sar.Sar_AB7190VisitTheDepartmentWebsite"/>
  <testcase name="CAB1343025Retention" time="7.857" classname="Sar.Sar_CAB1343025Retention"/>
  <testcase name="DPP23289FoiRequest" time="8.059" classname="Sar.Sar_DPP23289FoiRequest"/>
  <testcase name="HO4051079FoiRequest" time="9.016" classname="Sar.Sar_HO4051079FoiRequest"/>
  <testcase name="HO45237211FoiRequest" time="8.718" classname="Sar.Sar_HO45237211FoiRequest"/>
  <testcase name="J24312FoiRequest" time="11.719" classname="Sar.Sar_J24312FoiRequest"/>
  <testcase name="LEV2226ZFoiRequest" time="7.953" classname="Sar.Sar_LEV2226ZFoiRequest"/>
  <testcase name="RW33FQZFoiRequest" time="7.968" classname="Sar.Sar_RW33FQZFoiRequest"/>
</testsuite> <!-- Sar -->
