<?xml version="1.0" encoding="UTF-8"?>
<!-- Generated by org.testng.reporters.JUnitXMLReporter -->
<testsuite hostname="PR020921" ignored="0" name="SingleSignOnTest" tests="6" failures="0" timestamp="08 Mar 2018 13:16:02 GMT" time="101.596" errors="0">
  <testcase name="forgotten_Password" time="8.974" classname="discovery.SingleSignOnTest.SS_ForgttenPassword"/>
  <testcase name="clickRegisterwithEmptyFields" time="12.848" classname="discovery.SingleSignOnTest.SS_clickRegisterwithEmptyFields"/>
  <testcase name="NoAcceptTerm" time="13.732" classname="discovery.SingleSignOnTest.SS_NoAcceptTerm"/>
  <testcase name="clickRegisterwithInvalidEmail" time="13.026" classname="discovery.SingleSignOnTest.SS_clickRegisterwithInvalidEmail"/>
  <testcase name="clickRegisterwithInvalidPassword" time="13.09" classname="discovery.SingleSignOnTest.SS_clickRegisterwithInvalidPassword"/>
  <testcase name="CreateAccount_ChangeEmail_ChangePassword_DeleteAccount" time="39.89" classname="discovery.SingleSignOnTest.SS_CreateAccount_ChangeEmail_ChangePassword_DeleteAccount"/>
</testsuite> <!-- SingleSignOnTest -->
