<?xml version="1.0" encoding="UTF-8"?>
<!-- Generated by org.testng.reporters.JUnitXMLReporter -->
<testsuite hostname="EC2AMAZ-UMIME9S" ignored="0" name="SingleSignOnTest" tests="6" failures="0" timestamp="29 Jul 2019 15:45:49 GMT" time="82.98" errors="0">
  <testcase name="forgotten_Password" time="9.139" classname="SingleSignOnTest.SS_ForgttenPassword"/>
  <testcase name="clickRegisterwithInvalidPassword" time="9.669" classname="SingleSignOnTest.SS_clickRegisterwithInvalidPassword"/>
  <testcase name="CreateAccount_ChangeEmail_ChangePassword_DeleteAccount" time="38.526" classname="SingleSignOnTest.SS_CreateAccount_ChangeEmail_ChangePassword_DeleteAccount"/>
  <testcase name="clickRegisterwithEmptyFields" time="8.025" classname="SingleSignOnTest.SS_clickRegisterwithEmptyFields"/>
  <testcase name="clickRegisterwithInvalidEmail" time="8.865" classname="SingleSignOnTest.SS_clickRegisterwithInvalidEmail"/>
  <testcase name="NoAcceptTerm" time="8.747" classname="SingleSignOnTest.SS_NoAcceptTerm"/>
</testsuite> <!-- SingleSignOnTest -->
