<?xml version="1.0" encoding="UTF-8"?>
<!-- Generated by org.testng.reporters.JUnitXMLReporter -->
<testsuite hostname="PR020921" ignored="0" name="TagOnTest" tests="5" failures="0" timestamp="08 Mar 2018 13:13:57 GMT" time="126.688" errors="0">
  <testcase name="deleteTag" time="26.103" classname="discovery.TagOnTest.DeleteTag"/>
  <testcase name="tag" time="26.876" classname="discovery.TagOnTest.AddTag"/>
  <testcase name="tag" time="28.345" classname="discovery.TagOnTest.DuplicateAddTag"/>
  <testcase name="removalRequest" time="19.284" classname="discovery.TagOnTest.SelfTagRemovalRequestNoSignIn"/>
  <testcase name="StopListTag" time="26.074" classname="discovery.TagOnTest.StopListTag"/>
</testsuite> <!-- TagOnTest -->
